{
  "RSpec": {
    "coverage": {
      "/Users/farhadajaz/Desktop/robot-exercise/spec/commands/move_command_spec.rb": {
        "lines": [
          1,
          null,
          1,
          5,
          5,
          5,
          null,
          1,
          2,
          null,
          1,
          1,
          1,
          null,
          null,
          null,
          1,
          1,
          1,
          null,
          7,
          1,
          null,
          null,
          1,
          1,
          1,
          null,
          null,
          1,
          1,
          1,
          1,
          null,
          null,
          null
        ]
      },
      "/Users/farhadajaz/Desktop/robot-exercise/spec/commands/place_command_spec.rb": {
        "lines": [
          1,
          null,
          1,
          3,
          3,
          3,
          null,
          1,
          1,
          1,
          1,
          null,
          null,
          null,
          1,
          1,
          1,
          1,
          null,
          null,
          null
        ]
      },
      "/Users/farhadajaz/Desktop/robot-exercise/spec/commands/report_command_spec.rb": {
        "lines": [
          1,
          null,
          1,
          2,
          2,
          2,
          null,
          1,
          1,
          1,
          1,
          1,
          1,
          1,
          null,
          null
        ]
      },
      "/Users/farhadajaz/Desktop/robot-exercise/spec/commands/right_command_spec.rb": {
        "lines": [
          1,
          null,
          1,
          5,
          5,
          5,
          null,
          1,
          2,
          null,
          1,
          1,
          1,
          null,
          null,
          null,
          1,
          2,
          null,
          1,
          1,
          1,
          null,
          null,
          null,
          1,
          2,
          null,
          1,
          1,
          1,
          null,
          null,
          null,
          1,
          2,
          null,
          1,
          1,
          1,
          null,
          null,
          null
        ]
      }
    },
    "timestamp": 1733233464
  }
}
